Determining if the pthread_create exist failed with the following output:
Change Dir: /home/workspace/catkin_ws/build/CMakeFiles/CMakeTmp

Run Build Command:"/usr/bin/make" "cmTC_0df5f/fast"
/usr/bin/make -f CMakeFiles/cmTC_0df5f.dir/build.make CMakeFiles/cmTC_0df5f.dir/build
make[1]: Entering directory '/home/workspace/catkin_ws/build/CMakeFiles/CMakeTmp'
Building C object CMakeFiles/cmTC_0df5f.dir/CheckSymbolExists.c.o
/usr/bin/cc    -o CMakeFiles/cmTC_0df5f.dir/CheckSymbolExists.c.o   -c /home/workspace/catkin_ws/build/CMakeFiles/CMakeTmp/CheckSymbolExists.c
Linking C executable cmTC_0df5f
/usr/local/bin/cmake -E cmake_link_script CMakeFiles/cmTC_0df5f.dir/link.txt --verbose=1
/usr/bin/cc      -rdynamic CMakeFiles/cmTC_0df5f.dir/CheckSymbolExists.c.o  -o cmTC_0df5f 
CMakeFiles/cmTC_0df5f.dir/CheckSymbolExists.c.o: In function `main':
CheckSymbolExists.c:(.text+0x16): undefined reference to `pthread_create'
collect2: error: ld returned 1 exit status
CMakeFiles/cmTC_0df5f.dir/build.make:86: recipe for target 'cmTC_0df5f' failed
make[1]: *** [cmTC_0df5f] Error 1
make[1]: Leaving directory '/home/workspace/catkin_ws/build/CMakeFiles/CMakeTmp'
Makefile:121: recipe for target 'cmTC_0df5f/fast' failed
make: *** [cmTC_0df5f/fast] Error 2

File /home/workspace/catkin_ws/build/CMakeFiles/CMakeTmp/CheckSymbolExists.c:
/* */
#include <pthread.h>

int main(int argc, char** argv)
{
  (void)argv;
#ifndef pthread_create
  return ((int*)(&pthread_create))[argc];
#else
  (void)argc;
  return 0;
#endif
}

Determining if the function pthread_create exists in the pthreads failed with the following output:
Change Dir: /home/workspace/catkin_ws/build/CMakeFiles/CMakeTmp

Run Build Command:"/usr/bin/make" "cmTC_bf062/fast"
/usr/bin/make -f CMakeFiles/cmTC_bf062.dir/build.make CMakeFiles/cmTC_bf062.dir/build
make[1]: Entering directory '/home/workspace/catkin_ws/build/CMakeFiles/CMakeTmp'
Building C object CMakeFiles/cmTC_bf062.dir/CheckFunctionExists.c.o
/usr/bin/cc   -DCHECK_FUNCTION_EXISTS=pthread_create   -o CMakeFiles/cmTC_bf062.dir/CheckFunctionExists.c.o   -c /usr/local/share/cmake-3.13/Modules/CheckFunctionExists.c
Linking C executable cmTC_bf062
/usr/local/bin/cmake -E cmake_link_script CMakeFiles/cmTC_bf062.dir/link.txt --verbose=1
/usr/bin/cc  -DCHECK_FUNCTION_EXISTS=pthread_create    -rdynamic CMakeFiles/cmTC_bf062.dir/CheckFunctionExists.c.o  -o cmTC_bf062 -lpthreads 
/usr/bin/ld: cannot find -lpthreads
collect2: error: ld returned 1 exit status
CMakeFiles/cmTC_bf062.dir/build.make:86: recipe for target 'cmTC_bf062' failed
make[1]: *** [cmTC_bf062] Error 1
make[1]: Leaving directory '/home/workspace/catkin_ws/build/CMakeFiles/CMakeTmp'
Makefile:121: recipe for target 'cmTC_bf062/fast' failed
make: *** [cmTC_bf062/fast] Error 2


